<?xml version="1.0" encoding="UTF-8" ?>
<testsuite errors="0" failures="0" hostname="Brians-MacBook-Pro.local" name="com.grailsinaction.QueryIntegrationTests" tests="2" time="0.329" timestamp="2012-02-27T00:52:18">
  <properties />
  <testcase classname="com.grailsinaction.QueryIntegrationTests" name="testBasicDynamicFinders" time="0.246" />
  <testcase classname="com.grailsinaction.QueryIntegrationTests" name="testQueryByExample" time="0.079" />
  <system-out><![CDATA[--Output from testBasicDynamicFinders--
--Output from testQueryByExample--
]]></system-out>
  <system-err><![CDATA[--Output from testBasicDynamicFinders--
--Output from testQueryByExample--
]]></system-err>
</testsuite>
