<?xml version="1.0" encoding="UTF-8" ?>
<testsuite errors="0" failures="0" hostname="Brians-MacBook-Pro.local" name="com.grailsinaction.TagTests" tests="1" time="0.156" timestamp="2012-02-27T00:52:08">
  <properties />
  <testcase classname="com.grailsinaction.TagTests" name="testSomething" time="0.094" />
  <system-out><![CDATA[--Output from testSomething--
]]></system-out>
  <system-err><![CDATA[--Output from testSomething--
]]></system-err>
</testsuite>
