<?xml version="1.0" encoding="UTF-8" ?>
<testsuite errors="0" failures="0" hostname="Brians-MacBook-Pro.local" name="com.grailsinaction.PostControllerTests" tests="1" time="1.815" timestamp="2012-02-27T00:52:06">
  <properties />
  <testcase classname="com.grailsinaction.PostControllerTests" name="testSomething" time="1.605" />
  <system-out><![CDATA[--Output from testSomething--
]]></system-out>
  <system-err><![CDATA[--Output from testSomething--
]]></system-err>
</testsuite>
